<?xml version="1.0" encoding="UTF-8"?>
<!-- Generated by org.testng.reporters.JUnitXMLReporter -->
<testsuite hostname="ABRA" name="Default test" tests="5" failures="0" timestamp="29 Jun 2018 16:05:26 GMT" time="200.208" errors="0">
  <testcase name="getAmazonWS" time="29.479" classname="com.aws.main.AppTest"/>
  <testcase name="Register" time="22.363" classname="com.aws.main.AppTest"/>
  <testcase name="Login" time="3.989" classname="com.aws.main.AppTest"/>
  <testcase name="CreateList" time="15.254" classname="com.aws.main.AppTest"/>
  <testcase name="ProductAddList" time="126.122" classname="com.aws.main.AppTest"/>
</testsuite> <!-- Default test -->
